++ pwd
+ CURDIR=/zz/src/vkaa/tmp/tmp-example-tau-install/demo_install_issue
+ mkdir -p ../build
+ cd ../build
+ echo

+ cmake -DCMAKE_INSTALL_PREFIX=../out ..
-- The C compiler identification is GNU 9.3.0
-- The CXX compiler identification is GNU 9.3.0
-- Detecting C compiler ABI info
-- Detecting C compiler ABI info - done
-- Check for working C compiler: /usr/bin/cc - skipped
-- Detecting C compile features
-- Detecting C compile features - done
-- Detecting CXX compiler ABI info
-- Detecting CXX compiler ABI info - done
-- Check for working CXX compiler: /usr/bin/c++ - skipped
-- Detecting CXX compile features
-- Detecting CXX compile features - done
-- [INFO] Build type not set - defaulting to Release
-- Configuring done
-- Generating done
-- Build files have been written to: /zz/src/vkaa/tmp/tmp-example-tau-install/build
+ echo

+ make all test install
[ 25%] Building C object src/CMakeFiles/tmp1.dir/tmp1.c.o
[ 50%] Linking C shared library libtmp1.so
[ 50%] Built target tmp1
[ 75%] Building C object tst/CMakeFiles/tst1.dir/tst1.c.o
[100%] Linking C executable tst1
[100%] Built target tst1
Running tests...
Test project /zz/src/vkaa/tmp/tmp-example-tau-install/build
    Start 1: tst1
1/1 Test #1: tst1 .............................   Passed    0.00 sec

100% tests passed, 0 tests failed out of 1

Total Test time (real) =   0.00 sec
Install the project...
-- Install configuration: "Release"
CMake Error at _deps/tau-build/cmake_install.cmake:46 (file):
  file INSTALL cannot find
  "/zz/src/vkaa/tmp/tmp-example-tau-install/build/_deps/tau-src/include/tau":
  No such file or directory.
Call Stack (most recent call first):
  cmake_install.cmake:47 (include)


make: *** [Makefile:134: install] Error 1
+ echo

+ cmake --version
cmake version 3.21.2

CMake suite maintained and supported by Kitware (kitware.com/cmake).
+ echo

+ uname -a
Linux 5.11.0-34-generic #36~20.04.1-Ubuntu SMP Fri Aug 27 08:06:32 UTC 2021 x86_64 x86_64 x86_64 GNU/Linux
